<?xml version="1.0" encoding="UTF-8"?>
<!-- Generated by org.testng.reporters.JUnitReportReporter -->
<testsuite hostname="1105-rd09" name="com.ilad.calc.TestNGCalculator" tests="2" failures="0" timestamp="21 Dec 2015 16:27:23 GMT" time="0.007" errors="0">
  <testcase name="testAdd" time="0.002" classname="com.ilad.calc.TestNGCalculator"/>
  <testcase name="testAdd" time="0.005" classname="com.ilad.calc.TestNGCalculator"/>
</testsuite> <!-- com.ilad.calc.TestNGCalculator -->
