<?xml version="1.0" encoding="UTF-8"?>
<!-- Generated by org.testng.reporters.JUnitReportReporter -->
<testsuite hostname="1105-rd09" name="com.ilad.calc.TestNGCalculator" tests="4" failures="0" timestamp="21 Dec 2015 16:24:07 GMT" time="0.011" errors="0">
  <testcase name="testMult" time="0.001" classname="com.ilad.calc.TestNGCalculator"/>
  <testcase name="testAdd" time="0.008" classname="com.ilad.calc.TestNGCalculator"/>
  <testcase name="testSub" time="0.001" classname="com.ilad.calc.TestNGCalculator"/>
  <testcase name="testAdd" time="0.001" classname="com.ilad.calc.TestNGCalculator"/>
</testsuite> <!-- com.ilad.calc.TestNGCalculator -->
